<?xml version="1.0" encoding="UTF-8"?>
<!-- Generated by org.testng.reporters.JUnitXMLReporter -->
<testsuite ignored="20" hostname="Jarvis-Vck" failures="1" tests="1" name="Default test" time="19.221" errors="0" timestamp="2022-06-27T11:33:52 IST">
  <testcase classname="TEST.FTest" name="lgwtcred_lgt_lo_sl_buy" time="6.196">
    <failure type="java.lang.AssertionError" message="expected [Buyy] but found [Buy]">
      <![CDATA[java.lang.AssertionError: expected [Buyy] but found [Buy]
at org.testng.Assert.fail(Assert.java:110)
at org.testng.Assert.failNotEquals(Assert.java:1413)
at org.testng.Assert.assertEqualsImpl(Assert.java:149)
at org.testng.Assert.assertEquals(Assert.java:131)
at org.testng.Assert.assertEquals(Assert.java:655)
at org.testng.Assert.assertEquals(Assert.java:665)
at TEST.FTest.lgwtcred_lgt_lo_sl_buy(FTest.java:100)
at java.base/jdk.internal.reflect.DirectMethodHandleAccessor.invoke(DirectMethodHandleAccessor.java:104)
at java.base/java.lang.reflect.Method.invoke(Method.java:577)
at org.testng.internal.invokers.MethodInvocationHelper.invokeMethod(MethodInvocationHelper.java:135)
at org.testng.internal.invokers.TestInvoker.invokeMethod(TestInvoker.java:673)
at org.testng.internal.invokers.TestInvoker.invokeTestMethod(TestInvoker.java:220)
at org.testng.internal.invokers.MethodRunner.runInSequence(MethodRunner.java:50)
at org.testng.internal.invokers.TestInvoker$MethodInvocationAgent.invoke(TestInvoker.java:945)
at org.testng.internal.invokers.TestInvoker.invokeTestMethods(TestInvoker.java:193)
at org.testng.internal.invokers.TestMethodWorker.invokeTestMethods(TestMethodWorker.java:146)
at org.testng.internal.invokers.TestMethodWorker.run(TestMethodWorker.java:128)
at java.base/java.util.ArrayList.forEach(ArrayList.java:1511)
at org.testng.TestRunner.privateRun(TestRunner.java:808)
at org.testng.TestRunner.run(TestRunner.java:603)
at org.testng.SuiteRunner.runTest(SuiteRunner.java:429)
at org.testng.SuiteRunner.runSequentially(SuiteRunner.java:423)
at org.testng.SuiteRunner.privateRun(SuiteRunner.java:383)
at org.testng.SuiteRunner.run(SuiteRunner.java:326)
at org.testng.SuiteRunnerWorker.runSuite(SuiteRunnerWorker.java:52)
at org.testng.SuiteRunnerWorker.run(SuiteRunnerWorker.java:95)
at org.testng.TestNG.runSuitesSequentially(TestNG.java:1249)
at org.testng.TestNG.runSuitesLocally(TestNG.java:1169)
at org.testng.TestNG.runSuites(TestNG.java:1092)
at org.testng.TestNG.run(TestNG.java:1060)
at org.testng.remote.AbstractRemoteTestNG.run(AbstractRemoteTestNG.java:115)
at org.testng.remote.RemoteTestNG.initAndRun(RemoteTestNG.java:251)
at org.testng.remote.RemoteTestNG.main(RemoteTestNG.java:77)
]]>
    </failure>
  </testcase> <!-- lgwtcred_lgt_lo_sl_buy -->
  <testcase classname="TEST.FTest" name="dashboard" time="0.0">
    <ignored/>
  </testcase> <!-- dashboard -->
  <testcase classname="TEST.FTest" name="lgwtcred_itr_lo_sl_sell" time="0.0">
    <ignored/>
  </testcase> <!-- lgwtcred_itr_lo_sl_sell -->
  <testcase classname="TEST.FTest" name="signup_createnri_acc" time="0.0">
    <ignored/>
  </testcase> <!-- signup_createnri_acc -->
  <testcase classname="TEST.FTest" name="signup_withmob" time="0.0">
    <ignored/>
  </testcase> <!-- signup_withmob -->
  <testcase classname="TEST.FTest" name="lgwtcred_lgt_chart" time="0.0">
    <ignored/>
  </testcase> <!-- lgwtcred_lgt_chart -->
  <testcase classname="TEST.FTest" name="lgwtcred_lgt_mo_sl_sell" time="0.0">
    <ignored/>
  </testcase> <!-- lgwtcred_lgt_mo_sl_sell -->
  <testcase classname="TEST.FTest" name="positions" time="0.0">
    <ignored/>
  </testcase> <!-- positions -->
  <testcase classname="TEST.FTest" name="applications" time="0.0">
    <ignored/>
  </testcase> <!-- applications -->
  <testcase classname="TEST.FTest" name="funds" time="0.0">
    <ignored/>
  </testcase> <!-- funds -->
  <testcase classname="TEST.FTest" name="lgwtcred_itr_lo_sl_buy" time="0.0">
    <ignored/>
  </testcase> <!-- lgwtcred_itr_lo_sl_buy -->
  <testcase classname="TEST.FTest" name="lgwtcred_lgt_lo_sl_cncl" time="0.0">
    <ignored/>
  </testcase> <!-- lgwtcred_lgt_lo_sl_cncl -->
  <testcase classname="TEST.FTest" name="frgt_usrid" time="0.0">
    <ignored/>
  </testcase> <!-- frgt_usrid -->
  <testcase classname="TEST.FTest" name="frgt_wo_usrid" time="0.0">
    <ignored/>
  </testcase> <!-- frgt_wo_usrid -->
  <testcase classname="TEST.FTest" name="orders" time="0.0">
    <ignored/>
  </testcase> <!-- orders -->
  <testcase classname="TEST.FTest" name="lgwtcred_lgt_lo_sl_sell" time="0.0">
    <ignored/>
  </testcase> <!-- lgwtcred_lgt_lo_sl_sell -->
  <testcase classname="TEST.FTest" name="lgwtcred_itr_mo_slm_sell" time="0.0">
    <ignored/>
  </testcase> <!-- lgwtcred_itr_mo_slm_sell -->
  <testcase classname="TEST.FTest" name="holdings" time="0.0">
    <ignored/>
  </testcase> <!-- holdings -->
  <testcase classname="TEST.FTest" name="lgwtcred_lgt_lo_sl_TK" time="0.0">
    <ignored/>
  </testcase> <!-- lgwtcred_lgt_lo_sl_TK -->
  <testcase classname="TEST.FTest" name="lgwtcred_lgt_mo_slm_buy" time="0.0">
    <ignored/>
  </testcase> <!-- lgwtcred_lgt_mo_slm_buy -->
  <testcase classname="TEST.FTest" name="lgwtcred_itr_mo_slm_buy" time="0.0">
    <ignored/>
  </testcase> <!-- lgwtcred_itr_mo_slm_buy -->
</testsuite> <!-- Default test -->
