<?xml version="1.0" encoding="UTF-8"?>
<testng-results ignored="20" total="21" passed="0" failed="1" skipped="0">
  <reporter-output>
  </reporter-output>
  <suite started-at="2022-06-27T11:33:33 IST" name="Default suite" finished-at="2022-06-27T11:33:52 IST" duration-ms="19221">
    <groups>
    </groups>
    <test started-at="2022-06-27T11:33:33 IST" name="Default test" finished-at="2022-06-27T11:33:52 IST" duration-ms="19221">
      <class name="TEST.FTest">
        <test-method is-config="true" signature="extentReport()[pri:0, instance:TEST.FTest@2e3967ea]" started-at="2022-06-27T11:33:33 IST" name="extentReport" finished-at="2022-06-27T11:33:34 IST" duration-ms="603" status="PASS">
          <reporter-output>
          </reporter-output>
        </test-method> <!-- extentReport -->
        <test-method is-config="true" signature="testa()[pri:0, instance:TEST.FTest@2e3967ea]" started-at="2022-06-27T11:33:34 IST" name="testa" finished-at="2022-06-27T11:33:45 IST" duration-ms="11606" status="PASS">
          <reporter-output>
          </reporter-output>
        </test-method> <!-- testa -->
        <test-method signature="lgwtcred_lgt_lo_sl_buy()[pri:-1, instance:TEST.FTest@2e3967ea]" started-at="2022-06-27T11:33:45 IST" name="lgwtcred_lgt_lo_sl_buy" finished-at="2022-06-27T11:33:51 IST" duration-ms="6196" status="FAIL">
          <exception class="java.lang.AssertionError">
            <message>
              <![CDATA[expected [Buyy] but found [Buy]]]>
            </message>
            <full-stacktrace>
              <![CDATA[java.lang.AssertionError: expected [Buyy] but found [Buy]
at org.testng.Assert.fail(Assert.java:110)
at org.testng.Assert.failNotEquals(Assert.java:1413)
at org.testng.Assert.assertEqualsImpl(Assert.java:149)
at org.testng.Assert.assertEquals(Assert.java:131)
at org.testng.Assert.assertEquals(Assert.java:655)
at org.testng.Assert.assertEquals(Assert.java:665)
at TEST.FTest.lgwtcred_lgt_lo_sl_buy(FTest.java:100)
at java.base/jdk.internal.reflect.DirectMethodHandleAccessor.invoke(DirectMethodHandleAccessor.java:104)
at java.base/java.lang.reflect.Method.invoke(Method.java:577)
at org.testng.internal.invokers.MethodInvocationHelper.invokeMethod(MethodInvocationHelper.java:135)
at org.testng.internal.invokers.TestInvoker.invokeMethod(TestInvoker.java:673)
at org.testng.internal.invokers.TestInvoker.invokeTestMethod(TestInvoker.java:220)
at org.testng.internal.invokers.MethodRunner.runInSequence(MethodRunner.java:50)
at org.testng.internal.invokers.TestInvoker$MethodInvocationAgent.invoke(TestInvoker.java:945)
at org.testng.internal.invokers.TestInvoker.invokeTestMethods(TestInvoker.java:193)
at org.testng.internal.invokers.TestMethodWorker.invokeTestMethods(TestMethodWorker.java:146)
at org.testng.internal.invokers.TestMethodWorker.run(TestMethodWorker.java:128)
at java.base/java.util.ArrayList.forEach(ArrayList.java:1511)
at org.testng.TestRunner.privateRun(TestRunner.java:808)
at org.testng.TestRunner.run(TestRunner.java:603)
at org.testng.SuiteRunner.runTest(SuiteRunner.java:429)
at org.testng.SuiteRunner.runSequentially(SuiteRunner.java:423)
at org.testng.SuiteRunner.privateRun(SuiteRunner.java:383)
at org.testng.SuiteRunner.run(SuiteRunner.java:326)
at org.testng.SuiteRunnerWorker.runSuite(SuiteRunnerWorker.java:52)
at org.testng.SuiteRunnerWorker.run(SuiteRunnerWorker.java:95)
at org.testng.TestNG.runSuitesSequentially(TestNG.java:1249)
at org.testng.TestNG.runSuitesLocally(TestNG.java:1169)
at org.testng.TestNG.runSuites(TestNG.java:1092)
at org.testng.TestNG.run(TestNG.java:1060)
at org.testng.remote.AbstractRemoteTestNG.run(AbstractRemoteTestNG.java:115)
at org.testng.remote.RemoteTestNG.initAndRun(RemoteTestNG.java:251)
at org.testng.remote.RemoteTestNG.main(RemoteTestNG.java:77)
]]>
            </full-stacktrace>
          </exception> <!-- java.lang.AssertionError -->
          <reporter-output>
          </reporter-output>
        </test-method> <!-- lgwtcred_lgt_lo_sl_buy -->
        <test-method is-config="true" signature="createresult(org.testng.ITestResult)[pri:0, instance:TEST.FTest@2e3967ea]" started-at="2022-06-27T11:33:51 IST" name="createresult" finished-at="2022-06-27T11:33:51 IST" duration-ms="13" status="PASS">
          <params>
            <param index="0">
              <value>
                <![CDATA[[TestResult name=lgwtcred_lgt_lo_sl_buy status=FAILURE method=FTest.lgwtcred_lgt_lo_sl_buy()[pri:-1, instance:TEST.FTest@2e3967ea] output={null}]]]>
              </value>
            </param>
          </params>
          <reporter-output>
          </reporter-output>
        </test-method> <!-- createresult -->
        <test-method is-config="true" signature="flushResult()[pri:0, instance:TEST.FTest@2e3967ea]" started-at="2022-06-27T11:33:51 IST" name="flushResult" finished-at="2022-06-27T11:33:52 IST" duration-ms="725" status="PASS">
          <reporter-output>
          </reporter-output>
        </test-method> <!-- flushResult -->
      </class> <!-- TEST.FTest -->
    </test> <!-- Default test -->
  </suite> <!-- Default suite -->
</testng-results>
